<?xml version="1.0" encoding="UTF-8"?>
<robot generator="Robot 4.1.3 (Python 3.8.4 on win32)" generated="20220331 02:41:22.460" rpa="false" schemaversion="2">
<suite id="s1" name="Test" source="D:\KIF120583\ACI-Redfish\tests\test.robot">
<kw name="Run Keyword" library="BuiltIn" type="SETUP">
<arg>RESTClient Init</arg>
<arg>${REDFISH_SERVER_IP}</arg>
<arg>${REDFISH_SERVER_PORT}</arg>
<arg>${REDFISH_USERNAME}</arg>
<arg>${REDFISH_PASSWORD}</arg>
<doc>Executes the given keyword with the given arguments.</doc>
<kw name="RESTClient Init" library="redfish_client">
<arg>${REDFISH_SERVER_IP}</arg>
<arg>${REDFISH_SERVER_PORT}</arg>
<arg>${REDFISH_USERNAME}</arg>
<arg>${REDFISH_PASSWORD}</arg>
<status status="PASS" starttime="20220331 02:41:22.543" endtime="20220331 02:41:22.784"/>
</kw>
<status status="PASS" starttime="20220331 02:41:22.543" endtime="20220331 02:41:22.784"/>
</kw>
<test id="s1-t1" name="Get example">
<kw name="RESTClient Get" library="redfish_client">
<arg>/redfish/v1/</arg>
<status status="PASS" starttime="20220331 02:41:22.785" endtime="20220331 02:41:23.122"/>
</kw>
<kw name="RESTClient Get Response Status" library="redfish_client">
<var>${status}</var>
<msg timestamp="20220331 02:41:23.123" level="INFO">${status} = 200</msg>
<status status="PASS" starttime="20220331 02:41:23.123" endtime="20220331 02:41:23.123"/>
</kw>
<kw name="Should Be Equal" library="BuiltIn">
<arg>${status}</arg>
<arg>${200}</arg>
<doc>Fails if the given objects are unequal.</doc>
<status status="PASS" starttime="20220331 02:41:23.124" endtime="20220331 02:41:23.125"/>
</kw>
<status status="PASS" starttime="20220331 02:41:22.784" endtime="20220331 02:41:23.125"/>
</test>
<test id="s1-t2" name="Post example">
<kw name="RESTClient Post" library="redfish_client">
<arg>/redfish/v1/Managers/bmc/LogServices/SEL/Actions/LogService.ClearLog</arg>
<arg>{}</arg>
<status status="PASS" starttime="20220331 02:41:23.128" endtime="20220331 02:41:25.045"/>
</kw>
<kw name="RESTClient Get Response Status" library="redfish_client">
<var>${status}</var>
<msg timestamp="20220331 02:41:25.046" level="INFO">${status} = 204</msg>
<status status="PASS" starttime="20220331 02:41:25.046" endtime="20220331 02:41:25.046"/>
</kw>
<kw name="Should Be Equal" library="BuiltIn">
<arg>${status}</arg>
<arg>${204}</arg>
<doc>Fails if the given objects are unequal.</doc>
<status status="PASS" starttime="20220331 02:41:25.047" endtime="20220331 02:41:25.048"/>
</kw>
<status status="PASS" starttime="20220331 02:41:23.127" endtime="20220331 02:41:25.049"/>
</test>
<test id="s1-t3" name="Patch example">
<kw name="REST PATCH">
<arg>/redfish/v1/SessionService</arg>
<arg>{"SessionTimeout":500}</arg>
<kw name="RESTClient Get" library="redfish_client">
<arg>${url}</arg>
<status status="PASS" starttime="20220331 02:41:25.052" endtime="20220331 02:41:26.072"/>
</kw>
<kw name="RESTClient Get Response Status" library="redfish_client">
<var>${status}</var>
<msg timestamp="20220331 02:41:26.073" level="INFO">${status} = 200</msg>
<status status="PASS" starttime="20220331 02:41:26.072" endtime="20220331 02:41:26.073"/>
</kw>
<kw name="Should Be Equal" library="BuiltIn">
<arg>${status}</arg>
<arg>${200}</arg>
<doc>Fails if the given objects are unequal.</doc>
<status status="PASS" starttime="20220331 02:41:26.073" endtime="20220331 02:41:26.074"/>
</kw>
<kw name="RESTClient Patch" library="redfish_client">
<arg>${url}</arg>
<arg>${body}</arg>
<status status="PASS" starttime="20220331 02:41:26.074" endtime="20220331 02:41:27.174"/>
</kw>
<kw name="RESTClient Get Response Status" library="redfish_client">
<var>${status}</var>
<msg timestamp="20220331 02:41:27.175" level="INFO">${status} = 200</msg>
<status status="PASS" starttime="20220331 02:41:27.175" endtime="20220331 02:41:27.175"/>
</kw>
<kw name="Should Be Equal" library="BuiltIn">
<arg>${status}</arg>
<arg>${200}</arg>
<doc>Fails if the given objects are unequal.</doc>
<status status="PASS" starttime="20220331 02:41:27.175" endtime="20220331 02:41:27.176"/>
</kw>
<status status="PASS" starttime="20220331 02:41:25.052" endtime="20220331 02:41:27.176"/>
</kw>
<kw name="RESTClient Get Response Body" library="redfish_client">
<var>${res_body}</var>
<msg timestamp="20220331 02:41:27.177" level="INFO">${res_body} = {'Id': 'SessionService', 'Name': 'SessionService', 'ServiceEnabled': True, '@odata.type': '#SessionService.v1_1_6.SessionService', 'SessionTimeout': 500, '@odata.id': '/redfish/v1/SessionService', '@o...</msg>
<status status="PASS" starttime="20220331 02:41:27.177" endtime="20220331 02:41:27.177"/>
</kw>
<kw name="Should Be Equal" library="BuiltIn">
<arg>${res_body}[SessionTimeout]</arg>
<arg>${500}</arg>
<doc>Fails if the given objects are unequal.</doc>
<status status="PASS" starttime="20220331 02:41:27.178" endtime="20220331 02:41:27.178"/>
</kw>
<kw name="REST PATCH">
<arg>/redfish/v1/SessionService</arg>
<arg>{"SessionTimeout":300}</arg>
<kw name="RESTClient Get" library="redfish_client">
<arg>${url}</arg>
<status status="PASS" starttime="20220331 02:41:27.179" endtime="20220331 02:41:27.805"/>
</kw>
<kw name="RESTClient Get Response Status" library="redfish_client">
<var>${status}</var>
<msg timestamp="20220331 02:41:27.805" level="INFO">${status} = 200</msg>
<status status="PASS" starttime="20220331 02:41:27.805" endtime="20220331 02:41:27.805"/>
</kw>
<kw name="Should Be Equal" library="BuiltIn">
<arg>${status}</arg>
<arg>${200}</arg>
<doc>Fails if the given objects are unequal.</doc>
<status status="PASS" starttime="20220331 02:41:27.805" endtime="20220331 02:41:27.806"/>
</kw>
<kw name="RESTClient Patch" library="redfish_client">
<arg>${url}</arg>
<arg>${body}</arg>
<status status="PASS" starttime="20220331 02:41:27.806" endtime="20220331 02:41:29.004"/>
</kw>
<kw name="RESTClient Get Response Status" library="redfish_client">
<var>${status}</var>
<msg timestamp="20220331 02:41:29.004" level="INFO">${status} = 200</msg>
<status status="PASS" starttime="20220331 02:41:29.004" endtime="20220331 02:41:29.004"/>
</kw>
<kw name="Should Be Equal" library="BuiltIn">
<arg>${status}</arg>
<arg>${200}</arg>
<doc>Fails if the given objects are unequal.</doc>
<status status="PASS" starttime="20220331 02:41:29.004" endtime="20220331 02:41:29.005"/>
</kw>
<status status="PASS" starttime="20220331 02:41:27.179" endtime="20220331 02:41:29.005"/>
</kw>
<kw name="RESTClient Get Response Body" library="redfish_client">
<var>${res_body}</var>
<msg timestamp="20220331 02:41:29.006" level="INFO">${res_body} = {'Id': 'SessionService', 'Name': 'SessionService', 'ServiceEnabled': True, '@odata.type': '#SessionService.v1_1_6.SessionService', 'SessionTimeout': 300, '@odata.id': '/redfish/v1/SessionService', '@o...</msg>
<status status="PASS" starttime="20220331 02:41:29.006" endtime="20220331 02:41:29.006"/>
</kw>
<kw name="Should Be Equal" library="BuiltIn">
<arg>${res_body}[SessionTimeout]</arg>
<arg>${300}</arg>
<doc>Fails if the given objects are unequal.</doc>
<status status="PASS" starttime="20220331 02:41:29.007" endtime="20220331 02:41:29.008"/>
</kw>
<status status="PASS" starttime="20220331 02:41:25.051" endtime="20220331 02:41:29.008"/>
</test>
<kw name="Run Keyword" library="BuiltIn" type="TEARDOWN">
<arg>RESTClient Close</arg>
<doc>Executes the given keyword with the given arguments.</doc>
<kw name="RESTClient Close" library="redfish_client">
<status status="PASS" starttime="20220331 02:41:29.012" endtime="20220331 02:41:29.013"/>
</kw>
<status status="PASS" starttime="20220331 02:41:29.011" endtime="20220331 02:41:29.013"/>
</kw>
<status status="PASS" starttime="20220331 02:41:22.463" endtime="20220331 02:41:29.013"/>
</suite>
<statistics>
<total>
<stat pass="3" fail="0" skip="0">All Tests</stat>
</total>
<tag>
</tag>
<suite>
<stat pass="3" fail="0" skip="0" id="s1" name="Test">Test</stat>
</suite>
</statistics>
<errors>
</errors>
</robot>
